# Logfile created on 2014-03-06 20:18:37 -0300 by logger.rb/36483
E, [2014-03-06T20:18:37.487947 #547] ERROR -- : Errno::EACCES: Permission denied - /Library/Ruby/Gems/2.0.0/build_info/chunky_png-1.3.0.info
/System/Library/Frameworks/Ruby.framework/Versions/2.0/usr/lib/ruby/2.0.0/open-uri.rb:36:in `initialize'  \n/System/Library/Frameworks/Ruby.framework/Versions/2.0/usr/lib/ruby/2.0.0/open-uri.rb:36:in `open'  \n/System/Library/Frameworks/Ruby.framework/Versions/2.0/usr/lib/ruby/2.0.0/open-uri.rb:36:in `open'  \n/System/Library/Frameworks/Ruby.framework/Versions/2.0/usr/lib/ruby/2.0.0/rubygems/installer.rb:776:in `write_build_info_file'  \n/System/Library/Frameworks/Ruby.framework/Versions/2.0/usr/lib/ruby/2.0.0/rubygems/installer.rb:219:in `install'  \n/Library/Ruby/Gems/2.0.0/gems/bundler-1.5.1/lib/bundler/source/rubygems.rb:101:in `block in install'  \n/Library/Ruby/Gems/2.0.0/gems/bundler-1.5.1/lib/bundler/rubygems_integration.rb:118:in `preserve_paths'  \n/Library/Ruby/Gems/2.0.0/gems/bundler-1.5.1/lib/bundler/source/rubygems.rb:94:in `install'  \n/Library/Ruby/Gems/2.0.0/gems/bundler-1.5.1/lib/bundler/installer.rb:111:in `block in install_gem_from_spec'  \n/Library/Ruby/Gems/2.0.0/gems/bundler-1.5.1/lib/bundler/rubygems_integration.rb:150:in `with_build_args'  \n/Library/Ruby/Gems/2.0.0/gems/bundler-1.5.1/lib/bundler/installer.rb:110:in `install_gem_from_spec'  \n/Library/Ruby/Gems/2.0.0/gems/bundler-1.5.1/lib/bundler/installer.rb:295:in `block in install_sequentially'  \n/System/Library/Frameworks/Ruby.framework/Versions/2.0/usr/lib/ruby/2.0.0/forwardable.rb:171:in `each'  \n/System/Library/Frameworks/Ruby.framework/Versions/2.0/usr/lib/ruby/2.0.0/forwardable.rb:171:in `each'  \n/Library/Ruby/Gems/2.0.0/gems/bundler-1.5.1/lib/bundler/installer.rb:294:in `install_sequentially'  \n/Library/Ruby/Gems/2.0.0/gems/bundler-1.5.1/lib/bundler/installer.rb:97:in `run'  \n/Library/Ruby/Gems/2.0.0/gems/bundler-1.5.1/lib/bundler/installer.rb:15:in `install'  \n/Library/Ruby/Gems/2.0.0/gems/bundler-1.5.1/lib/bundler/cli.rb:257:in `install'  \n/Library/Ruby/Gems/2.0.0/gems/bundler-1.5.1/lib/bundler/vendor/thor/command.rb:27:in `run'  \n/Library/Ruby/Gems/2.0.0/gems/bundler-1.5.1/lib/bundler/vendor/thor/invocation.rb:120:in `invoke_command'  \n/Library/Ruby/Gems/2.0.0/gems/bundler-1.5.1/lib/bundler/vendor/thor.rb:363:in `dispatch'  \n/Library/Ruby/Gems/2.0.0/gems/bundler-1.5.1/lib/bundler/vendor/thor/base.rb:438:in `start'  \n/Library/Ruby/Gems/2.0.0/gems/bundler-1.5.1/lib/bundler/cli.rb:10:in `start'  \n/Library/Ruby/Gems/2.0.0/gems/bundler-1.5.1/bin/bundle:22:in `block in <top (required)>'  \n/Library/Ruby/Gems/2.0.0/gems/bundler-1.5.1/lib/bundler/friendly_errors.rb:5:in `with_friendly_errors'  \n/Library/Ruby/Gems/2.0.0/gems/bundler-1.5.1/bin/bundle:22:in `<top (required)>'  \n/usr/bin/bundle:23:in `load'  \n/usr/bin/bundle:23:in `<main>'
I, [2014-03-06T20:19:05.281164 #569]  INFO -- : 0:  chunky_png (1.3.0) from /Library/Ruby/Gems/2.0.0/specifications/chunky_png-1.3.0.gemspec
I, [2014-03-06T20:19:05.281606 #569]  INFO -- : 0:  fssm (0.2.10) from /Library/Ruby/Gems/2.0.0/specifications/fssm-0.2.10.gemspec
I, [2014-03-06T20:19:11.475306 #569]  INFO -- : 0:  sass (3.2.14) from /Library/Ruby/Gems/2.0.0/specifications/sass-3.2.14.gemspec
I, [2014-03-06T20:19:17.239421 #569]  INFO -- : 0:  compass (0.12.3) from /Library/Ruby/Gems/2.0.0/specifications/compass-0.12.3.gemspec
I, [2014-03-06T20:19:32.167204 #569]  INFO -- : 0:  ffi (1.9.3) from /Library/Ruby/Gems/2.0.0/specifications/ffi-1.9.3.gemspec
I, [2014-03-06T20:19:34.024089 #569]  INFO -- : 0:  jsmin (1.0.1) from /Library/Ruby/Gems/2.0.0/specifications/jsmin-1.0.1.gemspec
I, [2014-03-06T20:19:41.291585 #569]  INFO -- : 0:  kgio (2.9.2) from /Library/Ruby/Gems/2.0.0/specifications/kgio-2.9.2.gemspec
I, [2014-03-06T20:19:44.275946 #569]  INFO -- : 0:  rb-fsevent (0.9.4) from /Library/Ruby/Gems/2.0.0/specifications/rb-fsevent-0.9.4.gemspec
I, [2014-03-06T20:19:46.401711 #569]  INFO -- : 0:  rb-inotify (0.9.3) from /Library/Ruby/Gems/2.0.0/specifications/rb-inotify-0.9.3.gemspec
I, [2014-03-06T20:19:48.653192 #569]  INFO -- : 0:  rb-kqueue (0.2.2) from /Library/Ruby/Gems/2.0.0/specifications/rb-kqueue-0.2.2.gemspec
I, [2014-03-06T20:19:50.986331 #569]  INFO -- : 0:  listen (1.0.3) from /Library/Ruby/Gems/2.0.0/specifications/listen-1.0.3.gemspec
I, [2014-03-06T20:19:54.334106 #569]  INFO -- : 0:  rack (1.5.2) from /Library/Ruby/Gems/2.0.0/specifications/rack-1.5.2.gemspec
I, [2014-03-06T20:19:56.425278 #569]  INFO -- : 0:  rack-protection (1.5.2) from /Library/Ruby/Gems/2.0.0/specifications/rack-protection-1.5.2.gemspec
I, [2014-03-06T20:19:58.929944 #569]  INFO -- : 0:  rack-test (0.6.2) from /Library/Ruby/Gems/2.0.0/specifications/rack-test-0.6.2.gemspec
I, [2014-03-06T20:20:03.521190 #569]  INFO -- : 0:  raindrops (0.13.0) from /Library/Ruby/Gems/2.0.0/specifications/raindrops-0.13.0.gemspec
I, [2014-03-06T20:20:06.765481 #569]  INFO -- : 0:  rerun (0.8.2) from /Library/Ruby/Gems/2.0.0/specifications/rerun-0.8.2.gemspec
I, [2014-03-06T20:20:09.969359 #569]  INFO -- : 0:  tilt (1.4.1) from /Library/Ruby/Gems/2.0.0/specifications/tilt-1.4.1.gemspec
I, [2014-03-06T20:20:13.996572 #569]  INFO -- : 0:  sinatra (1.4.4) from /Library/Ruby/Gems/2.0.0/specifications/sinatra-1.4.4.gemspec
I, [2014-03-06T20:20:17.676125 #569]  INFO -- : 0:  sinatra-assetpack (0.3.2) from /Library/Ruby/Gems/2.0.0/specifications/sinatra-assetpack-0.3.2.gemspec
I, [2014-03-06T20:20:22.967385 #569]  INFO -- : 0:  unicorn (4.8.2) from /Library/Ruby/Gems/2.0.0/specifications/unicorn-4.8.2.gemspec
I, [2014-03-06T20:20:22.967898 #569]  INFO -- : 0:  bundler (1.5.1) from /Library/Ruby/Gems/2.0.0/specifications/bundler-1.5.1.gemspec
I, [2014-03-06T20:23:33.193608 #1494]  INFO -- : 0:  chunky_png (1.3.0) from /Library/Ruby/Gems/2.0.0/specifications/chunky_png-1.3.0.gemspec
I, [2014-03-06T20:23:33.229105 #1494]  INFO -- : 0:  fssm (0.2.10) from /Library/Ruby/Gems/2.0.0/specifications/fssm-0.2.10.gemspec
I, [2014-03-06T20:23:33.229502 #1494]  INFO -- : 0:  sass (3.2.14) from /Library/Ruby/Gems/2.0.0/specifications/sass-3.2.14.gemspec
I, [2014-03-06T20:23:33.229850 #1494]  INFO -- : 0:  compass (0.12.3) from /Library/Ruby/Gems/2.0.0/specifications/compass-0.12.3.gemspec
I, [2014-03-06T20:23:33.230201 #1494]  INFO -- : 0:  ffi (1.9.3) from /Library/Ruby/Gems/2.0.0/specifications/ffi-1.9.3.gemspec
I, [2014-03-06T20:23:33.230566 #1494]  INFO -- : 0:  jsmin (1.0.1) from /Library/Ruby/Gems/2.0.0/specifications/jsmin-1.0.1.gemspec
I, [2014-03-06T20:23:33.230907 #1494]  INFO -- : 0:  kgio (2.9.2) from /Library/Ruby/Gems/2.0.0/specifications/kgio-2.9.2.gemspec
I, [2014-03-06T20:23:33.231273 #1494]  INFO -- : 0:  rb-fsevent (0.9.4) from /Library/Ruby/Gems/2.0.0/specifications/rb-fsevent-0.9.4.gemspec
I, [2014-03-06T20:23:33.231624 #1494]  INFO -- : 0:  rb-inotify (0.9.3) from /Library/Ruby/Gems/2.0.0/specifications/rb-inotify-0.9.3.gemspec
I, [2014-03-06T20:23:33.231969 #1494]  INFO -- : 0:  rb-kqueue (0.2.2) from /Library/Ruby/Gems/2.0.0/specifications/rb-kqueue-0.2.2.gemspec
I, [2014-03-06T20:23:33.232314 #1494]  INFO -- : 0:  listen (1.0.3) from /Library/Ruby/Gems/2.0.0/specifications/listen-1.0.3.gemspec
I, [2014-03-06T20:23:33.232673 #1494]  INFO -- : 0:  rack (1.5.2) from /Library/Ruby/Gems/2.0.0/specifications/rack-1.5.2.gemspec
I, [2014-03-06T20:23:33.233017 #1494]  INFO -- : 0:  rack-protection (1.5.2) from /Library/Ruby/Gems/2.0.0/specifications/rack-protection-1.5.2.gemspec
I, [2014-03-06T20:23:33.233349 #1494]  INFO -- : 0:  rack-test (0.6.2) from /Library/Ruby/Gems/2.0.0/specifications/rack-test-0.6.2.gemspec
I, [2014-03-06T20:23:33.233692 #1494]  INFO -- : 0:  raindrops (0.13.0) from /Library/Ruby/Gems/2.0.0/specifications/raindrops-0.13.0.gemspec
I, [2014-03-06T20:23:33.234025 #1494]  INFO -- : 0:  rerun (0.8.2) from /Library/Ruby/Gems/2.0.0/specifications/rerun-0.8.2.gemspec
I, [2014-03-06T20:23:33.239194 #1494]  INFO -- : 0:  tilt (1.4.1) from /Library/Ruby/Gems/2.0.0/specifications/tilt-1.4.1.gemspec
I, [2014-03-06T20:23:33.239567 #1494]  INFO -- : 0:  sinatra (1.4.4) from /Library/Ruby/Gems/2.0.0/specifications/sinatra-1.4.4.gemspec
I, [2014-03-06T20:23:33.267287 #1494]  INFO -- : 0:  sinatra-assetpack (0.3.2) from /Library/Ruby/Gems/2.0.0/specifications/sinatra-assetpack-0.3.2.gemspec
I, [2014-03-06T20:23:33.268066 #1494]  INFO -- : 0:  unicorn (4.8.2) from /Library/Ruby/Gems/2.0.0/specifications/unicorn-4.8.2.gemspec
I, [2014-03-06T20:23:33.268636 #1494]  INFO -- : 0:  bundler (1.5.1) from /Library/Ruby/Gems/2.0.0/specifications/bundler-1.5.1.gemspec
